Socket timeout Error in receiving packet from client
RR.fromData: offset=0x1d; dn=com.; len(dn)=2,               type=2, cls=1, ttl=172800, rdlength=20
RR.fromData: offset=0x3d; dn=com.; len(dn)=2,               type=2, cls=1, ttl=172800, rdlength=4
RR.fromData: offset=0x4d; dn=com.; len(dn)=2,               type=2, cls=1, ttl=172800, rdlength=4
RR.fromData: offset=0x5d; dn=com.; len(dn)=2,               type=2, cls=1, ttl=172800, rdlength=4
RR.fromData: offset=0x6d; dn=com.; len(dn)=2,               type=2, cls=1, ttl=172800, rdlength=4
RR.fromData: offset=0x7d; dn=com.; len(dn)=2,               type=2, cls=1, ttl=172800, rdlength=4
RR.fromData: offset=0x8d; dn=com.; len(dn)=2,               type=2, cls=1, ttl=172800, rdlength=4
RR.fromData: offset=0x9d; dn=com.; len(dn)=2,               type=2, cls=1, ttl=172800, rdlength=4
RR.fromData: offset=0xad; dn=com.; len(dn)=2,               type=2, cls=1, ttl=172800, rdlength=4
RR.fromData: offset=0xbd; dn=com.; len(dn)=2,               type=2, cls=1, ttl=172800, rdlength=4
RR.fromData: offset=0xcd; dn=com.; len(dn)=2,               type=2, cls=1, ttl=172800, rdlength=4
RR.fromData: offset=0xdd; dn=com.; len(dn)=2,               type=2, cls=1, ttl=172800, rdlength=4
RR.fromData: offset=0xed; dn=com.; len(dn)=2,               type=2, cls=1, ttl=172800, rdlength=4
RR.fromData: offset=0xfd; dn=a.gtld-servers.net.; len(dn)=2,               type=1, cls=1, ttl=172800, rdlength=4
RR.fromData: offset=0x10d; dn=b.gtld-servers.net.; len(dn)=2,               type=1, cls=1, ttl=172800, rdlength=4
RR.fromData: offset=0x11d; dn=c.gtld-servers.net.; len(dn)=2,               type=1, cls=1, ttl=172800, rdlength=4
RR.fromData: offset=0x12d; dn=d.gtld-servers.net.; len(dn)=2,               type=1, cls=1, ttl=172800, rdlength=4
RR.fromData: offset=0x13d; dn=e.gtld-servers.net.; len(dn)=2,               type=1, cls=1, ttl=172800, rdlength=4
RR.fromData: offset=0x14d; dn=f.gtld-servers.net.; len(dn)=2,               type=1, cls=1, ttl=172800, rdlength=4
RR.fromData: offset=0x15d; dn=g.gtld-servers.net.; len(dn)=2,               type=1, cls=1, ttl=172800, rdlength=4
RR.fromData: offset=0x16d; dn=h.gtld-servers.net.; len(dn)=2,               type=1, cls=1, ttl=172800, rdlength=4
RR.fromData: offset=0x17d; dn=i.gtld-servers.net.; len(dn)=2,               type=1, cls=1, ttl=172800, rdlength=4
RR.fromData: offset=0x18d; dn=j.gtld-servers.net.; len(dn)=2,               type=1, cls=1, ttl=172800, rdlength=4
RR.fromData: offset=0x19d; dn=k.gtld-servers.net.; len(dn)=2,               type=1, cls=1, ttl=172800, rdlength=4
RR.fromData: offset=0x1ad; dn=l.gtld-servers.net.; len(dn)=2,               type=1, cls=1, ttl=172800, rdlength=4
RR.fromData: offset=0x1bd; dn=m.gtld-servers.net.; len(dn)=2,               type=1, cls=1, ttl=172800, rdlength=4
RR.fromData: offset=0x1cd; dn=a.gtld-servers.net.; len(dn)=2,               type=28, cls=1, ttl=172800, rdlength=16
RR.fromData: offset=0x1d; dn=ibm.com.; len(dn)=2,               type=2, cls=1, ttl=172800, rdlength=15
RR.fromData: offset=0x38; dn=ibm.com.; len(dn)=2,               type=2, cls=1, ttl=172800, rdlength=7
RR.fromData: offset=0x4b; dn=ibm.com.; len(dn)=2,               type=2, cls=1, ttl=172800, rdlength=7
RR.fromData: offset=0x5e; dn=ibm.com.; len(dn)=2,               type=2, cls=1, ttl=172800, rdlength=9
RR.fromData: offset=0x73; dn=ibm.com.; len(dn)=2,               type=2, cls=1, ttl=172800, rdlength=10
RR.fromData: offset=0x89; dn=ibm.com.; len(dn)=2,               type=2, cls=1, ttl=172800, rdlength=8
RR.fromData: offset=0x9d; dn=ibm.com.; len(dn)=2,               type=2, cls=1, ttl=172800, rdlength=7
RR.fromData: offset=0xb0; dn=ibm.com.; len(dn)=2,               type=2, cls=1, ttl=172800, rdlength=7
RR.fromData: offset=0xc3; dn=usw2.akam.net.; len(dn)=2,               type=1, cls=1, ttl=172800, rdlength=4
RR.fromData: offset=0xd3; dn=usc2.akam.net.; len(dn)=2,               type=1, cls=1, ttl=172800, rdlength=4
RR.fromData: offset=0xe3; dn=eur2.akam.net.; len(dn)=2,               type=1, cls=1, ttl=172800, rdlength=4
RR.fromData: offset=0xf3; dn=ns1-99.akam.net.; len(dn)=2,               type=1, cls=1, ttl=172800, rdlength=4
RR.fromData: offset=0x103; dn=ns1-99.akam.net.; len(dn)=2,               type=28, cls=1, ttl=172800, rdlength=16
RR.fromData: offset=0x11f; dn=ns1-206.akam.net.; len(dn)=2,               type=1, cls=1, ttl=172800, rdlength=4
RR.fromData: offset=0x12f; dn=ns1-206.akam.net.; len(dn)=2,               type=28, cls=1, ttl=172800, rdlength=16
RR.fromData: offset=0x14b; dn=asia3.akam.net.; len(dn)=2,               type=1, cls=1, ttl=172800, rdlength=4
RR.fromData: offset=0x15b; dn=usc3.akam.net.; len(dn)=2,               type=1, cls=1, ttl=172800, rdlength=4
RR.fromData: offset=0x16b; dn=eur5.akam.net.; len(dn)=2,               type=1, cls=1, ttl=172800, rdlength=4
RR.fromData: offset=0x1d; dn=www.ibm.com.; len(dn)=2,               type=5, cls=1, ttl=3600, rdlength=23
RR.fromData: offset=0x27; dn=net.; len(dn)=2,               type=2, cls=1, ttl=172800, rdlength=17
RR.fromData: offset=0x44; dn=net.; len(dn)=2,               type=2, cls=1, ttl=172800, rdlength=4
RR.fromData: offset=0x54; dn=net.; len(dn)=2,               type=2, cls=1, ttl=172800, rdlength=4
RR.fromData: offset=0x64; dn=net.; len(dn)=2,               type=2, cls=1, ttl=172800, rdlength=4
RR.fromData: offset=0x74; dn=net.; len(dn)=2,               type=2, cls=1, ttl=172800, rdlength=4
RR.fromData: offset=0x84; dn=net.; len(dn)=2,               type=2, cls=1, ttl=172800, rdlength=4
RR.fromData: offset=0x94; dn=net.; len(dn)=2,               type=2, cls=1, ttl=172800, rdlength=4
RR.fromData: offset=0xa4; dn=net.; len(dn)=2,               type=2, cls=1, ttl=172800, rdlength=4
RR.fromData: offset=0xb4; dn=net.; len(dn)=2,               type=2, cls=1, ttl=172800, rdlength=4
RR.fromData: offset=0xc4; dn=net.; len(dn)=2,               type=2, cls=1, ttl=172800, rdlength=4
RR.fromData: offset=0xd4; dn=net.; len(dn)=2,               type=2, cls=1, ttl=172800, rdlength=4
RR.fromData: offset=0xe4; dn=net.; len(dn)=2,               type=2, cls=1, ttl=172800, rdlength=4
RR.fromData: offset=0xf4; dn=net.; len(dn)=2,               type=2, cls=1, ttl=172800, rdlength=4
RR.fromData: offset=0x104; dn=a.gtld-servers.net.; len(dn)=2,               type=1, cls=1, ttl=172800, rdlength=4
RR.fromData: offset=0x114; dn=b.gtld-servers.net.; len(dn)=2,               type=1, cls=1, ttl=172800, rdlength=4
RR.fromData: offset=0x124; dn=c.gtld-servers.net.; len(dn)=2,               type=1, cls=1, ttl=172800, rdlength=4
RR.fromData: offset=0x134; dn=d.gtld-servers.net.; len(dn)=2,               type=1, cls=1, ttl=172800, rdlength=4
RR.fromData: offset=0x144; dn=e.gtld-servers.net.; len(dn)=2,               type=1, cls=1, ttl=172800, rdlength=4
RR.fromData: offset=0x154; dn=f.gtld-servers.net.; len(dn)=2,               type=1, cls=1, ttl=172800, rdlength=4
RR.fromData: offset=0x164; dn=g.gtld-servers.net.; len(dn)=2,               type=1, cls=1, ttl=172800, rdlength=4
RR.fromData: offset=0x174; dn=h.gtld-servers.net.; len(dn)=2,               type=1, cls=1, ttl=172800, rdlength=4
RR.fromData: offset=0x184; dn=i.gtld-servers.net.; len(dn)=2,               type=1, cls=1, ttl=172800, rdlength=4
RR.fromData: offset=0x194; dn=j.gtld-servers.net.; len(dn)=2,               type=1, cls=1, ttl=172800, rdlength=4
RR.fromData: offset=0x1a4; dn=k.gtld-servers.net.; len(dn)=2,               type=1, cls=1, ttl=172800, rdlength=4
RR.fromData: offset=0x1b4; dn=l.gtld-servers.net.; len(dn)=2,               type=1, cls=1, ttl=172800, rdlength=4
RR.fromData: offset=0x1c4; dn=m.gtld-servers.net.; len(dn)=2,               type=1, cls=1, ttl=172800, rdlength=4
RR.fromData: offset=0x27; dn=cs186.net.; len(dn)=2,               type=2, cls=1, ttl=172800, rdlength=22
RR.fromData: offset=0x49; dn=cs186.net.; len(dn)=2,               type=2, cls=1, ttl=172800, rdlength=6
RR.fromData: offset=0x5b; dn=cs186.net.; len(dn)=2,               type=2, cls=1, ttl=172800, rdlength=5
RR.fromData: offset=0x6c; dn=ns2.events.ihost.com.; len(dn)=2,               type=1, cls=1, ttl=172800, rdlength=4
RR.fromData: offset=0x7c; dn=ns1.events.ihost.com.; len(dn)=2,               type=1, cls=1, ttl=172800, rdlength=4
RR.fromData: offset=0x27; dn=www.ibm.com.cs186.net.; len(dn)=2,               type=5, cls=1, ttl=60, rdlength=22
RR.fromData: offset=0x29; dn=net.; len(dn)=2,               type=2, cls=1, ttl=172800, rdlength=17
RR.fromData: offset=0x46; dn=net.; len(dn)=2,               type=2, cls=1, ttl=172800, rdlength=4
RR.fromData: offset=0x56; dn=net.; len(dn)=2,               type=2, cls=1, ttl=172800, rdlength=4
RR.fromData: offset=0x66; dn=net.; len(dn)=2,               type=2, cls=1, ttl=172800, rdlength=4
RR.fromData: offset=0x76; dn=net.; len(dn)=2,               type=2, cls=1, ttl=172800, rdlength=4
RR.fromData: offset=0x86; dn=net.; len(dn)=2,               type=2, cls=1, ttl=172800, rdlength=4
RR.fromData: offset=0x96; dn=net.; len(dn)=2,               type=2, cls=1, ttl=172800, rdlength=4
RR.fromData: offset=0xa6; dn=net.; len(dn)=2,               type=2, cls=1, ttl=172800, rdlength=4
RR.fromData: offset=0xb6; dn=net.; len(dn)=2,               type=2, cls=1, ttl=172800, rdlength=4
RR.fromData: offset=0xc6; dn=net.; len(dn)=2,               type=2, cls=1, ttl=172800, rdlength=4
RR.fromData: offset=0xd6; dn=net.; len(dn)=2,               type=2, cls=1, ttl=172800, rdlength=4
RR.fromData: offset=0xe6; dn=net.; len(dn)=2,               type=2, cls=1, ttl=172800, rdlength=4
RR.fromData: offset=0xf6; dn=net.; len(dn)=2,               type=2, cls=1, ttl=172800, rdlength=4
RR.fromData: offset=0x106; dn=a.gtld-servers.net.; len(dn)=2,               type=1, cls=1, ttl=172800, rdlength=4
RR.fromData: offset=0x116; dn=b.gtld-servers.net.; len(dn)=2,               type=1, cls=1, ttl=172800, rdlength=4
RR.fromData: offset=0x126; dn=c.gtld-servers.net.; len(dn)=2,               type=1, cls=1, ttl=172800, rdlength=4
RR.fromData: offset=0x136; dn=d.gtld-servers.net.; len(dn)=2,               type=1, cls=1, ttl=172800, rdlength=4
RR.fromData: offset=0x146; dn=e.gtld-servers.net.; len(dn)=2,               type=1, cls=1, ttl=172800, rdlength=4
RR.fromData: offset=0x156; dn=f.gtld-servers.net.; len(dn)=2,               type=1, cls=1, ttl=172800, rdlength=4
RR.fromData: offset=0x166; dn=g.gtld-servers.net.; len(dn)=2,               type=1, cls=1, ttl=172800, rdlength=4
RR.fromData: offset=0x176; dn=h.gtld-servers.net.; len(dn)=2,               type=1, cls=1, ttl=172800, rdlength=4
RR.fromData: offset=0x186; dn=i.gtld-servers.net.; len(dn)=2,               type=1, cls=1, ttl=172800, rdlength=4
RR.fromData: offset=0x196; dn=j.gtld-servers.net.; len(dn)=2,               type=1, cls=1, ttl=172800, rdlength=4
RR.fromData: offset=0x1a6; dn=k.gtld-servers.net.; len(dn)=2,               type=1, cls=1, ttl=172800, rdlength=4
RR.fromData: offset=0x1b6; dn=l.gtld-servers.net.; len(dn)=2,               type=1, cls=1, ttl=172800, rdlength=4
RR.fromData: offset=0x1c6; dn=m.gtld-servers.net.; len(dn)=2,               type=1, cls=1, ttl=172800, rdlength=4
RR.fromData: offset=0x29; dn=edgekey.net.; len(dn)=2,               type=2, cls=1, ttl=172800, rdlength=14
RR.fromData: offset=0x43; dn=edgekey.net.; len(dn)=2,               type=2, cls=1, ttl=172800, rdlength=7
RR.fromData: offset=0x56; dn=edgekey.net.; len(dn)=2,               type=2, cls=1, ttl=172800, rdlength=8
RR.fromData: offset=0x6a; dn=edgekey.net.; len(dn)=2,               type=2, cls=1, ttl=172800, rdlength=9
RR.fromData: offset=0x7f; dn=edgekey.net.; len(dn)=2,               type=2, cls=1, ttl=172800, rdlength=9
RR.fromData: offset=0x94; dn=edgekey.net.; len(dn)=2,               type=2, cls=1, ttl=172800, rdlength=9
RR.fromData: offset=0xa9; dn=edgekey.net.; len(dn)=2,               type=2, cls=1, ttl=172800, rdlength=8
RR.fromData: offset=0xbd; dn=edgekey.net.; len(dn)=2,               type=2, cls=1, ttl=172800, rdlength=9
RR.fromData: offset=0xd2; dn=edgekey.net.; len(dn)=2,               type=2, cls=1, ttl=172800, rdlength=8
RR.fromData: offset=0xe6; dn=edgekey.net.; len(dn)=2,               type=2, cls=1, ttl=172800, rdlength=9
RR.fromData: offset=0xfb; dn=edgekey.net.; len(dn)=2,               type=2, cls=1, ttl=172800, rdlength=9
RR.fromData: offset=0x110; dn=edgekey.net.; len(dn)=2,               type=2, cls=1, ttl=172800, rdlength=9
RR.fromData: offset=0x125; dn=edgekey.net.; len(dn)=2,               type=2, cls=1, ttl=172800, rdlength=9
RR.fromData: offset=0x13a; dn=ns1-66.akam.net.; len(dn)=2,               type=1, cls=1, ttl=172800, rdlength=4
RR.fromData: offset=0x14a; dn=ns1-66.akam.net.; len(dn)=2,               type=28, cls=1, ttl=172800, rdlength=16
RR.fromData: offset=0x166; dn=usw6.akam.net.; len(dn)=2,               type=1, cls=1, ttl=172800, rdlength=4
RR.fromData: offset=0x176; dn=adns1.akam.net.; len(dn)=2,               type=1, cls=1, ttl=172800, rdlength=4
RR.fromData: offset=0x186; dn=ns4-66.akam.net.; len(dn)=2,               type=1, cls=1, ttl=172800, rdlength=4
RR.fromData: offset=0x196; dn=ns7-65.akam.net.; len(dn)=2,               type=1, cls=1, ttl=172800, rdlength=4
RR.fromData: offset=0x1a6; dn=ns5-66.akam.net.; len(dn)=2,               type=1, cls=1, ttl=172800, rdlength=4
RR.fromData: offset=0x1b6; dn=a6-65.akam.net.; len(dn)=2,               type=1, cls=1, ttl=172800, rdlength=4
RR.fromData: offset=0x1c6; dn=a6-65.akam.net.; len(dn)=2,               type=28, cls=1, ttl=172800, rdlength=16
RR.fromData: offset=0x29; dn=www.ibm.com.edgekey.net.; len(dn)=2,               type=5, cls=1, ttl=21600, rdlength=45
RR.fromData: offset=0x40; dn=net.; len(dn)=2,               type=2, cls=1, ttl=172800, rdlength=17
RR.fromData: offset=0x5d; dn=net.; len(dn)=2,               type=2, cls=1, ttl=172800, rdlength=4
RR.fromData: offset=0x6d; dn=net.; len(dn)=2,               type=2, cls=1, ttl=172800, rdlength=4
RR.fromData: offset=0x7d; dn=net.; len(dn)=2,               type=2, cls=1, ttl=172800, rdlength=4
RR.fromData: offset=0x8d; dn=net.; len(dn)=2,               type=2, cls=1, ttl=172800, rdlength=4
RR.fromData: offset=0x9d; dn=net.; len(dn)=2,               type=2, cls=1, ttl=172800, rdlength=4
RR.fromData: offset=0xad; dn=net.; len(dn)=2,               type=2, cls=1, ttl=172800, rdlength=4
RR.fromData: offset=0xbd; dn=net.; len(dn)=2,               type=2, cls=1, ttl=172800, rdlength=4
RR.fromData: offset=0xcd; dn=net.; len(dn)=2,               type=2, cls=1, ttl=172800, rdlength=4
RR.fromData: offset=0xdd; dn=net.; len(dn)=2,               type=2, cls=1, ttl=172800, rdlength=4
RR.fromData: offset=0xed; dn=net.; len(dn)=2,               type=2, cls=1, ttl=172800, rdlength=4
RR.fromData: offset=0xfd; dn=net.; len(dn)=2,               type=2, cls=1, ttl=172800, rdlength=4
RR.fromData: offset=0x10d; dn=net.; len(dn)=2,               type=2, cls=1, ttl=172800, rdlength=4
RR.fromData: offset=0x11d; dn=a.gtld-servers.net.; len(dn)=2,               type=1, cls=1, ttl=172800, rdlength=4
RR.fromData: offset=0x12d; dn=b.gtld-servers.net.; len(dn)=2,               type=1, cls=1, ttl=172800, rdlength=4
RR.fromData: offset=0x13d; dn=c.gtld-servers.net.; len(dn)=2,               type=1, cls=1, ttl=172800, rdlength=4
RR.fromData: offset=0x14d; dn=d.gtld-servers.net.; len(dn)=2,               type=1, cls=1, ttl=172800, rdlength=4
RR.fromData: offset=0x15d; dn=e.gtld-servers.net.; len(dn)=2,               type=1, cls=1, ttl=172800, rdlength=4
RR.fromData: offset=0x16d; dn=f.gtld-servers.net.; len(dn)=2,               type=1, cls=1, ttl=172800, rdlength=4
RR.fromData: offset=0x17d; dn=g.gtld-servers.net.; len(dn)=2,               type=1, cls=1, ttl=172800, rdlength=4
RR.fromData: offset=0x18d; dn=h.gtld-servers.net.; len(dn)=2,               type=1, cls=1, ttl=172800, rdlength=4
RR.fromData: offset=0x19d; dn=i.gtld-servers.net.; len(dn)=2,               type=1, cls=1, ttl=172800, rdlength=4
RR.fromData: offset=0x1ad; dn=j.gtld-servers.net.; len(dn)=2,               type=1, cls=1, ttl=172800, rdlength=4
RR.fromData: offset=0x1bd; dn=k.gtld-servers.net.; len(dn)=2,               type=1, cls=1, ttl=172800, rdlength=4
RR.fromData: offset=0x1cd; dn=l.gtld-servers.net.; len(dn)=2,               type=1, cls=1, ttl=172800, rdlength=4
RR.fromData: offset=0x40; dn=akadns.net.; len(dn)=2,               type=2, cls=1, ttl=172800, rdlength=9
RR.fromData: offset=0x55; dn=akadns.net.; len(dn)=2,               type=2, cls=1, ttl=172800, rdlength=9
RR.fromData: offset=0x6a; dn=akadns.net.; len(dn)=2,               type=2, cls=1, ttl=172800, rdlength=10
RR.fromData: offset=0x80; dn=akadns.net.; len(dn)=2,               type=2, cls=1, ttl=172800, rdlength=9
RR.fromData: offset=0x95; dn=akadns.net.; len(dn)=2,               type=2, cls=1, ttl=172800, rdlength=9
RR.fromData: offset=0xaa; dn=akadns.net.; len(dn)=2,               type=2, cls=1, ttl=172800, rdlength=19
RR.fromData: offset=0xc9; dn=akadns.net.; len(dn)=2,               type=2, cls=1, ttl=172800, rdlength=10
RR.fromData: offset=0xdf; dn=akadns.net.; len(dn)=2,               type=2, cls=1, ttl=172800, rdlength=10
RR.fromData: offset=0xf5; dn=akadns.net.; len(dn)=2,               type=2, cls=1, ttl=172800, rdlength=10
RR.fromData: offset=0x10b; dn=akadns.net.; len(dn)=2,               type=2, cls=1, ttl=172800, rdlength=10
RR.fromData: offset=0x121; dn=a3-129.akadns.net.; len(dn)=2,               type=1, cls=1, ttl=172800, rdlength=4
RR.fromData: offset=0x131; dn=a7-131.akadns.net.; len(dn)=2,               type=1, cls=1, ttl=172800, rdlength=4
RR.fromData: offset=0x141; dn=a11-129.akadns.net.; len(dn)=2,               type=1, cls=1, ttl=172800, rdlength=4
RR.fromData: offset=0x151; dn=a1-128.akadns.net.; len(dn)=2,               type=1, cls=1, ttl=172800, rdlength=4
RR.fromData: offset=0x40; dn=www.ibm.com.edgekey.net.globalredir.akadns.net.; len(dn)=2,               type=5, cls=1, ttl=3600, rdlength=21
RR.fromData: offset=0x28; dn=net.; len(dn)=2,               type=2, cls=1, ttl=172800, rdlength=17
RR.fromData: offset=0x45; dn=net.; len(dn)=2,               type=2, cls=1, ttl=172800, rdlength=4
RR.fromData: offset=0x55; dn=net.; len(dn)=2,               type=2, cls=1, ttl=172800, rdlength=4
RR.fromData: offset=0x65; dn=net.; len(dn)=2,               type=2, cls=1, ttl=172800, rdlength=4
RR.fromData: offset=0x75; dn=net.; len(dn)=2,               type=2, cls=1, ttl=172800, rdlength=4
RR.fromData: offset=0x85; dn=net.; len(dn)=2,               type=2, cls=1, ttl=172800, rdlength=4
RR.fromData: offset=0x95; dn=net.; len(dn)=2,               type=2, cls=1, ttl=172800, rdlength=4
RR.fromData: offset=0xa5; dn=net.; len(dn)=2,               type=2, cls=1, ttl=172800, rdlength=4
RR.fromData: offset=0xb5; dn=net.; len(dn)=2,               type=2, cls=1, ttl=172800, rdlength=4
RR.fromData: offset=0xc5; dn=net.; len(dn)=2,               type=2, cls=1, ttl=172800, rdlength=4
RR.fromData: offset=0xd5; dn=net.; len(dn)=2,               type=2, cls=1, ttl=172800, rdlength=4
RR.fromData: offset=0xe5; dn=net.; len(dn)=2,               type=2, cls=1, ttl=172800, rdlength=4
RR.fromData: offset=0xf5; dn=net.; len(dn)=2,               type=2, cls=1, ttl=172800, rdlength=4
RR.fromData: offset=0x105; dn=a.gtld-servers.net.; len(dn)=2,               type=1, cls=1, ttl=172800, rdlength=4
RR.fromData: offset=0x115; dn=b.gtld-servers.net.; len(dn)=2,               type=1, cls=1, ttl=172800, rdlength=4
RR.fromData: offset=0x125; dn=c.gtld-servers.net.; len(dn)=2,               type=1, cls=1, ttl=172800, rdlength=4
RR.fromData: offset=0x135; dn=d.gtld-servers.net.; len(dn)=2,               type=1, cls=1, ttl=172800, rdlength=4
RR.fromData: offset=0x145; dn=e.gtld-servers.net.; len(dn)=2,               type=1, cls=1, ttl=172800, rdlength=4
RR.fromData: offset=0x155; dn=f.gtld-servers.net.; len(dn)=2,               type=1, cls=1, ttl=172800, rdlength=4
RR.fromData: offset=0x165; dn=g.gtld-servers.net.; len(dn)=2,               type=1, cls=1, ttl=172800, rdlength=4
RR.fromData: offset=0x175; dn=h.gtld-servers.net.; len(dn)=2,               type=1, cls=1, ttl=172800, rdlength=4
RR.fromData: offset=0x185; dn=i.gtld-servers.net.; len(dn)=2,               type=1, cls=1, ttl=172800, rdlength=4
RR.fromData: offset=0x195; dn=j.gtld-servers.net.; len(dn)=2,               type=1, cls=1, ttl=172800, rdlength=4
RR.fromData: offset=0x1a5; dn=k.gtld-servers.net.; len(dn)=2,               type=1, cls=1, ttl=172800, rdlength=4
RR.fromData: offset=0x1b5; dn=l.gtld-servers.net.; len(dn)=2,               type=1, cls=1, ttl=172800, rdlength=4
RR.fromData: offset=0x1c5; dn=m.gtld-servers.net.; len(dn)=2,               type=1, cls=1, ttl=172800, rdlength=4
RR.fromData: offset=0x28; dn=akamaiedge.net.; len(dn)=2,               type=2, cls=1, ttl=172800, rdlength=6
RR.fromData: offset=0x3a; dn=akamaiedge.net.; len(dn)=2,               type=2, cls=1, ttl=172800, rdlength=6
RR.fromData: offset=0x4c; dn=akamaiedge.net.; len(dn)=2,               type=2, cls=1, ttl=172800, rdlength=7
RR.fromData: offset=0x5f; dn=akamaiedge.net.; len(dn)=2,               type=2, cls=1, ttl=172800, rdlength=10
RR.fromData: offset=0x75; dn=akamaiedge.net.; len(dn)=2,               type=2, cls=1, ttl=172800, rdlength=10
RR.fromData: offset=0x8b; dn=akamaiedge.net.; len(dn)=2,               type=2, cls=1, ttl=172800, rdlength=10
RR.fromData: offset=0xa1; dn=akamaiedge.net.; len(dn)=2,               type=2, cls=1, ttl=172800, rdlength=10
RR.fromData: offset=0xb7; dn=akamaiedge.net.; len(dn)=2,               type=2, cls=1, ttl=172800, rdlength=10
RR.fromData: offset=0xcd; dn=akamaiedge.net.; len(dn)=2,               type=2, cls=1, ttl=172800, rdlength=10
RR.fromData: offset=0xe3; dn=akamaiedge.net.; len(dn)=2,               type=2, cls=1, ttl=172800, rdlength=9
RR.fromData: offset=0xf8; dn=akamaiedge.net.; len(dn)=2,               type=2, cls=1, ttl=172800, rdlength=9
RR.fromData: offset=0x10d; dn=akamaiedge.net.; len(dn)=2,               type=2, cls=1, ttl=172800, rdlength=10
RR.fromData: offset=0x123; dn=akamaiedge.net.; len(dn)=2,               type=2, cls=1, ttl=172800, rdlength=10
RR.fromData: offset=0x139; dn=la1.akamaiedge.net.; len(dn)=2,               type=1, cls=1, ttl=172800, rdlength=4
RR.fromData: offset=0x149; dn=la3.akamaiedge.net.; len(dn)=2,               type=1, cls=1, ttl=172800, rdlength=4
RR.fromData: offset=0x159; dn=lar2.akamaiedge.net.; len(dn)=2,               type=1, cls=1, ttl=172800, rdlength=4
RR.fromData: offset=0x169; dn=ns3-194.akamaiedge.net.; len(dn)=2,               type=1, cls=1, ttl=172800, rdlength=4
RR.fromData: offset=0x179; dn=ns3-194.akamaiedge.net.; len(dn)=2,               type=28, cls=1, ttl=172800, rdlength=16
RR.fromData: offset=0x195; dn=ns6-194.akamaiedge.net.; len(dn)=2,               type=1, cls=1, ttl=172800, rdlength=4
RR.fromData: offset=0x1a5; dn=ns7-194.akamaiedge.net.; len(dn)=2,               type=1, cls=1, ttl=172800, rdlength=4
RR.fromData: offset=0x1b5; dn=ns5-194.akamaiedge.net.; len(dn)=2,               type=1, cls=1, ttl=172800, rdlength=4
RR.fromData: offset=0x1c5; dn=a12-192.akamaiedge.net.; len(dn)=2,               type=1, cls=1, ttl=172800, rdlength=4
RR.fromData: offset=0x1d5; dn=a28-192.akamaiedge.net.; len(dn)=2,               type=1, cls=1, ttl=172800, rdlength=4
RR.fromData: offset=0x28; dn=x.akamaiedge.net.; len(dn)=2,               type=2, cls=1, ttl=8000, rdlength=6
RR.fromData: offset=0x3a; dn=x.akamaiedge.net.; len(dn)=2,               type=2, cls=1, ttl=8000, rdlength=6
RR.fromData: offset=0x4c; dn=x.akamaiedge.net.; len(dn)=2,               type=2, cls=1, ttl=6000, rdlength=6
RR.fromData: offset=0x5e; dn=x.akamaiedge.net.; len(dn)=2,               type=2, cls=1, ttl=8000, rdlength=6
RR.fromData: offset=0x70; dn=x.akamaiedge.net.; len(dn)=2,               type=2, cls=1, ttl=6000, rdlength=6
RR.fromData: offset=0x82; dn=x.akamaiedge.net.; len(dn)=2,               type=2, cls=1, ttl=4000, rdlength=6
RR.fromData: offset=0x94; dn=x.akamaiedge.net.; len(dn)=2,               type=2, cls=1, ttl=4000, rdlength=6
RR.fromData: offset=0xa6; dn=x.akamaiedge.net.; len(dn)=2,               type=2, cls=1, ttl=6000, rdlength=6
RR.fromData: offset=0xb8; dn=x.akamaiedge.net.; len(dn)=2,               type=2, cls=1, ttl=4000, rdlength=6
RR.fromData: offset=0xca; dn=n2x.akamaiedge.net.; len(dn)=2,               type=1, cls=1, ttl=8000, rdlength=4
RR.fromData: offset=0xda; dn=n4x.akamaiedge.net.; len(dn)=2,               type=1, cls=1, ttl=4000, rdlength=4
RR.fromData: offset=0xea; dn=n6x.akamaiedge.net.; len(dn)=2,               type=1, cls=1, ttl=8000, rdlength=4
RR.fromData: offset=0xfa; dn=n3x.akamaiedge.net.; len(dn)=2,               type=1, cls=1, ttl=6000, rdlength=4
RR.fromData: offset=0x10a; dn=n1x.akamaiedge.net.; len(dn)=2,               type=1, cls=1, ttl=6000, rdlength=4
RR.fromData: offset=0x11a; dn=n5x.akamaiedge.net.; len(dn)=2,               type=1, cls=1, ttl=6000, rdlength=4
RR.fromData: offset=0x12a; dn=a0x.akamaiedge.net.; len(dn)=2,               type=28, cls=1, ttl=4000, rdlength=16
RR.fromData: offset=0x146; dn=a1x.akamaiedge.net.; len(dn)=2,               type=28, cls=1, ttl=8000, rdlength=16
Key Not Found
RR.fromData: offset=0x28; dn=e2874.x.akamaiedge.net.; len(dn)=2,               type=1, cls=1, ttl=20, rdlength=4
RR.fromData: offset=0x28; dn=e2874.x.akamaiedge.net.; len(dn)=2,               type=1, cls=1, ttl=20, rdlength=4
RR.fromData: offset=0x40; dn=www.ibm.com.edgekey.net.globalredir.akadns.net.; len(dn)=48,               type=1, cls=1, ttl=20, rdlength=4
RR.fromData: offset=0x29; dn=www.ibm.com.edgekey.net.; len(dn)=25,               type=1, cls=1, ttl=20, rdlength=4
RR.fromData: offset=0x27; dn=www.ibm.com.cs186.net.; len(dn)=23,               type=1, cls=1, ttl=20, rdlength=4
RR.fromData: offset=0x1d; dn=www.ibm.com.; len(dn)=13,               type=1, cls=1, ttl=20, rdlength=4
our reply in full:
0000   BC 42 84 00 00 01 00 01 00 00 00 00 03 77 77 77    .B...........www
0010   03 69 62 6D 03 63 6F 6D 00 00 01 00 01 03 77 77    .ibm.com......ww
0020   77 03 69 62 6D 03 63 6F 6D 00 00 01 00 01 00 00    w.ibm.com.......
0030   00 14 00 04 17 03 40 09                            ......@.

